0 info it worked if it ends with ok
1 verbose cli [ '/usr/local/bin/node',
1 verbose cli   '/usr/local/lib/node_modules/npm/bin/npm-cli.js',
1 verbose cli   'run',
1 verbose cli   'start',
1 verbose cli   '--scripts-prepend-node-path=auto' ]
2 info using npm@2.15.12
3 info using node@v6.11.0
4 verbose run-script [ 'prestart', 'start', 'poststart' ]
5 info prestart angular-seed@0.0.0
6 verbose unsafe-perm in lifecycle true
7 info start angular-seed@0.0.0
8 verbose unsafe-perm in lifecycle true
9 info angular-seed@0.0.0 Failed to exec start script
10 verbose stack Error: angular-seed@0.0.0 start: `http-server -a localhost -p 8000 -c-1 ./app`
10 verbose stack Exit status 1
10 verbose stack     at EventEmitter.<anonymous> (/usr/local/lib/node_modules/npm/lib/utils/lifecycle.js:217:16)
10 verbose stack     at emitTwo (events.js:106:13)
10 verbose stack     at EventEmitter.emit (events.js:191:7)
10 verbose stack     at ChildProcess.<anonymous> (/usr/local/lib/node_modules/npm/lib/utils/spawn.js:24:14)
10 verbose stack     at emitTwo (events.js:106:13)
10 verbose stack     at ChildProcess.emit (events.js:191:7)
10 verbose stack     at maybeClose (internal/child_process.js:891:16)
10 verbose stack     at Process.ChildProcess._handle.onexit (internal/child_process.js:226:5)
11 verbose pkgid angular-seed@0.0.0
12 verbose cwd /Users/mac/WebstormProjects/WordCloudGeneratorClient
13 error Darwin 16.6.0
14 error argv "/usr/local/bin/node" "/usr/local/lib/node_modules/npm/bin/npm-cli.js" "run" "start" "--scripts-prepend-node-path=auto"
15 error node v6.11.0
16 error npm  v2.15.12
17 error code ELIFECYCLE
18 error angular-seed@0.0.0 start: `http-server -a localhost -p 8000 -c-1 ./app`
18 error Exit status 1
19 error Failed at the angular-seed@0.0.0 start script 'http-server -a localhost -p 8000 -c-1 ./app'.
19 error This is most likely a problem with the angular-seed package,
19 error not with npm itself.
19 error Tell the author that this fails on your system:
19 error     http-server -a localhost -p 8000 -c-1 ./app
19 error You can get information on how to open an issue for this project with:
19 error     npm bugs angular-seed
19 error Or if that isn't available, you can get their info via:
19 error
19 error     npm owner ls angular-seed
19 error There is likely additional logging output above.
20 verbose exit [ 1, true ]
